[22:11:52] [Server thread/INFO]: Starting minecraft server version 1.7.10
[22:11:56] [Server thread/INFO]: Loading properties
[22:11:56] [Server thread/INFO]: Default game type: SURVIVAL
[22:11:56] [Server thread/INFO]: Generating keypair
[22:11:56] [Server thread/INFO]: Starting Minecraft server on *:25565
[22:11:56] [Server thread/WARN]: **** SERVER IS RUNNING IN OFFLINE/INSECURE MODE!
[22:11:56] [Server thread/WARN]: The server will make no attempt to authenticate usernames. Beware.
[22:11:56] [Server thread/WARN]: While this makes the game possible to play without internet access, it also opens up the ability for hackers to connect with any username they choose.
[22:11:56] [Server thread/WARN]: To change this, set "online-mode" to "true" in the server.properties file.
[22:11:57] [Server thread/INFO]: Preparing level "world"
[22:11:57] [Server thread/INFO]: Preparing start region for level 0
[22:11:58] [Server thread/INFO]: Done (1,145s)! For help, type "help" or "?"
[22:12:32] [Server thread/INFO]: Overmind[/127.0.0.1:51521] logged in with entity id 413 at (75.0968378933064, 68.0, 263.1747137191163)
[22:12:32] [Server thread/INFO]: Overmind joined the game
[22:12:34] [Server thread/INFO]: KenzoEzelhopf[/25.83.59.110:52637] logged in with entity id 412 at (48.67689561204798, 71.0, 268.85107431819335)
[22:12:34] [Server thread/INFO]: KenzoEzelhopf joined the game
[22:12:37] [Server thread/INFO]: Hollote[/25.83.133.29:55152] logged in with entity id 435 at (-16.922974397552142, 85.41999998688698, 401.8308099767049)
[22:12:37] [Server thread/INFO]: Hollote joined the game
[22:12:53] [Server thread/INFO]: Hollote was slain by Zombie
[22:14:00] [Server thread/INFO]: Overmind fell from a high place
[22:14:10] [Server thread/INFO]: KenzoEzelhopf was slain by Hollote
[22:15:41] [Server thread/INFO]: Overmind was slain by Hollote
[22:16:06] [Server thread/INFO]: Overmind was slain by Enderman
[22:16:47] [Server thread/INFO]: Overmind was slain by Hollote
[22:17:03] [Server thread/INFO]: Hollote lost connection: TextComponent{text='Disconnected', siblings=[], style=Style{hasParent=false, color=null, bold=null, italic=null, underlined=null, obfuscated=null, clickEvent=null, hoverEvent=null}}
[22:17:03] [Server thread/INFO]: Hollote left the game
[22:17:25] [Server thread/INFO]: KenzoEzelhopf lost connection: TextComponent{text='Disconnected', siblings=[], style=Style{hasParent=false, color=null, bold=null, italic=null, underlined=null, obfuscated=null, clickEvent=null, hoverEvent=null}}
[22:17:25] [Server thread/INFO]: KenzoEzelhopf left the game
[22:18:49] [Server thread/INFO]: Overmind lost connection: TextComponent{text='Disconnected', siblings=[], style=Style{hasParent=false, color=null, bold=null, italic=null, underlined=null, obfuscated=null, clickEvent=null, hoverEvent=null}}
[22:18:49] [Server thread/INFO]: Overmind left the game
[22:27:00] [Server Shutdown Thread/INFO]: Stopping server
